<?xml version="1.0" encoding="UTF-8"?>
<!-- Generated by org.testng.reporters.JUnitReportReporter -->
<testsuite hostname="Lisa-PC" failures="0" tests="1" name="com.CRM.VTiger.OrganizationTest.CreateOrganaizationTest" time="13.645" errors="0" timestamp="2023-09-23T11:54:27 IST" skipped="0">
  <testcase classname="com.CRM.VTiger.OrganizationTest.CreateOrganaizationTest" name="VerifyCreateOrganisationTest" time="13.645"/>
</testsuite> <!-- com.CRM.VTiger.OrganizationTest.CreateOrganaizationTest -->
